ResideMenu/build/intermediates/manifest_merge_blame_file/release/manifest-merger-blame-release-report.txt
1<?xml version="1.0" encoding="utf-8"?>
2<manifest xmlns:android="http://schemas.android.com/apk/res/android"
3    package="com.special.ResideMenu"
4    android:versionCode="1"
5    android:versionName="1.0" >
6
7    <uses-sdk
7-->Sube_Formosa/ResideMenu/AndroidManifest.xml:6:5-42
8        android:minSdkVersion="9"
8-->Sube_Formosa/ResideMenu/AndroidManifest.xml:6:15-40
9        android:targetSdkVersion="14" />
9-->Sube_Formosa/ResideMenu/AndroidManifest.xml:6:5-42
10
11</manifest>